<?xml version="1.0" encoding="UTF-8"?>
<!-- Generated by org.testng.reporters.JUnitReportReporter -->
<testsuite hostname="LAPTOP-CQ86O74I" failures="0" tests="4" name="test.PIMTest" time="8.027" errors="0" timestamp="2023-02-07T18:50:41 IST" skipped="0">
  <testcase classname="test.PIMTest" name="verifyBuildTitleName" time="0.026"/>
  <system-out/>
  <testcase classname="test.PIMTest" name="verifyTitleOfLoginPage" time="5.672"/>
  <system-out/>
  <testcase classname="test.PIMTest" name="verifyCurrentUrlOfPage" time="0.022"/>
  <system-out/>
  <testcase classname="test.PIMTest" name="verifyLoginWithCorrectCredentials" time="2.307"/>
  <system-out/>
</testsuite> <!-- test.PIMTest -->
